\BOOKMARK [1][-]{section.1}{\376\377\176\352\213\272}{}% 1
\BOOKMARK [2][-]{subsection.1.1}{\376\377\170\024\172\166\200\314\146\157}{section.1}% 2
\BOOKMARK [2][-]{subsection.1.2}{\376\377\170\024\172\166\225\356\230\230}{section.1}% 3
\BOOKMARK [2][-]{subsection.1.3}{\376\377\170\024\172\166\166\356\150\007\116\016\170\024\172\166\121\205\133\271}{section.1}% 4
\BOOKMARK [2][-]{subsection.1.4}{\376\377\213\272\145\207\176\323\147\204}{section.1}% 5
\BOOKMARK [1][-]{section.2}{\376\377\166\370\121\163\164\006\213\272\116\016\121\163\225\056\142\200\147\057}{}% 6
\BOOKMARK [2][-]{subsection.2.1}{\376\377\213\355\116\111\122\006\122\162\116\016\177\026\170\001\126\150\040\023\211\343\170\001\126\150\176\323\147\204}{section.2}% 7
\BOOKMARK [2][-]{subsection.2.2}{\376\377\154\350\141\017\122\233\147\072\122\066}{section.2}% 8
\BOOKMARK [2][-]{subsection.2.3}{\376\377\172\172\155\036\123\167\171\357}{section.2}% 9
\BOOKMARK [2][-]{subsection.2.4}{\376\377\135\114\131\127\215\363\215\303\217\336\143\245\116\016\131\032\211\343\170\001\126\150\176\323\147\204}{section.2}% 10
\BOOKMARK [2][-]{subsection.2.5}{\376\377\000T\000r\000a\000n\000s\000f\000o\000r\000m\000e\000r\000\040\116\016\220\145\141\037\211\343\213\321}{section.2}% 11
\BOOKMARK [1][-]{section.3}{\376\377\145\160\143\156\226\306\060\001\133\236\232\214\163\257\130\203\116\016\135\345\172\013\127\372\170\100}{}% 12
\BOOKMARK [2][-]{subsection.3.1}{\376\377\145\160\143\156\226\306\213\364\146\016}{section.3}% 13
\BOOKMARK [2][-]{subsection.3.2}{\376\377\230\204\131\004\164\006\116\016\150\007\173\176\211\304\203\003}{section.3}% 14
\BOOKMARK [2][-]{subsection.3.3}{\376\377\133\236\232\214\163\257\130\203}{section.3}% 15
\BOOKMARK [2][-]{subsection.3.4}{\376\377\213\304\116\367\143\007\150\007}{section.3}% 16
\BOOKMARK [2][-]{subsection.3.5}{\376\377\135\345\172\013\123\026\133\236\163\260\127\372\170\100}{section.3}% 17
\BOOKMARK [1][-]{section.4}{\376\377\127\372\176\277\152\041\127\213\116\016\145\071\217\333\152\041\127\213\213\276\213\241}{}% 18
\BOOKMARK [2][-]{subsection.4.1}{\376\377\127\372\176\277\000\040\000U\000-\000N\000e\000t\000\040\213\276\213\241}{section.4}% 19
\BOOKMARK [2][-]{subsection.4.2}{\376\377\000D\000L\000G\000U\000-\000N\000e\000t\000\040\213\276\213\241}{section.4}% 20
\BOOKMARK [2][-]{subsection.4.3}{\376\377\172\172\155\036\123\167\171\357\130\236\137\072\127\372\176\277\213\276\213\241}{section.4}% 21
\BOOKMARK [2][-]{subsection.4.4}{\376\377\142\151\134\125\143\242\175\042\152\041\127\213}{section.4}% 22
\BOOKMARK [2][-]{subsection.4.5}{\376\377\143\137\131\061\121\375\145\160\116\016\213\255\176\303\166\356\150\007}{section.4}% 23
\BOOKMARK [1][-]{section.5}{\376\377\133\236\232\214\176\323\147\234\116\016\122\006\147\220}{}% 24
\BOOKMARK [2][-]{subsection.5.1}{\376\377\176\337\116\000\145\164\126\376\213\304\117\060\176\323\147\234}{section.5}% 25
\BOOKMARK [2][-]{subsection.5.2}{\376\377\127\372\176\277\152\041\127\213\210\150\163\260}{section.5}% 26
\BOOKMARK [2][-]{subsection.5.3}{\376\377\000D\000L\000G\000U\000-\000N\000e\000t\000\040\176\323\147\234\122\006\147\220}{section.5}% 27
\BOOKMARK [2][-]{subsection.5.4}{\376\377\172\172\155\036\123\167\171\357\130\236\137\072\127\372\176\277\122\006\147\220}{section.5}% 28
\BOOKMARK [2][-]{subsection.5.5}{\376\377\000V\000a\000n\000i\000l\000l\000a\000\040\000U\000-\000N\000e\000t\000\040\166\204\142\151\134\125\143\242\175\042\116\367\120\074}{section.5}% 29
\BOOKMARK [2][-]{subsection.5.6}{\376\377\121\166\133\203\133\371\161\147\152\041\127\213\122\006\147\220}{section.5}% 30
\BOOKMARK [2][-]{subsection.5.7}{\376\377\176\323\147\234\140\073\176\323}{section.5}% 31
\BOOKMARK [1][-]{section.6}{\376\377\135\345\172\013\133\236\163\260\116\016\174\373\176\337\122\237\200\375}{}% 32
\BOOKMARK [2][-]{subsection.6.1}{\376\377\145\160\143\156\121\306\131\007\152\041\127\127}{section.6}% 33
\BOOKMARK [2][-]{subsection.6.2}{\376\377\213\255\176\303\152\041\127\127}{section.6}% 34
\BOOKMARK [2][-]{subsection.6.3}{\376\377\145\164\126\376\213\304\117\060\116\016\143\250\164\006\152\041\127\127}{section.6}% 35
\BOOKMARK [2][-]{subsection.6.4}{\376\377\133\236\232\214\173\241\164\006\116\016\176\323\147\234\133\374\121\372}{section.6}% 36
\BOOKMARK [1][-]{section.7}{\376\377\121\150\145\207\140\073\176\323\116\016\134\125\147\033}{}% 37
\BOOKMARK [2][-]{subsection.7.1}{\376\377\121\150\145\207\140\073\176\323}{section.7}% 38
\BOOKMARK [2][-]{subsection.7.2}{\376\377\124\016\176\355\134\125\147\033}{section.7}% 39
